/work/westgroup/lee.ting/cantera/schneider/No_Gas_Reactions/results/Pt111/temp/2021_6_20_1641_48b767_schneider_26rxn_nogasrxn/species_pictures
Graph saved to: /work/westgroup/lee.ting/cantera/schneider/No_Gas_Reactions/results/Pt111/temp/2021_6_20_1641_48b767_schneider_26rxn_nogasrxn/IdealGasReactor/energy_off/sensitivity_off/flux_diagrams/reaction_path_C_gas_beginning-pretty.dot
Wrote graphviz input file to '/work/westgroup/lee.ting/cantera/schneider/No_Gas_Reactions/results/Pt111/temp/2021_6_20_1641_48b767_schneider_26rxn_nogasrxn/IdealGasReactor/energy_off/sensitivity_off/flux_diagrams/reaction_path_C_gas_beginning.dot'.
Wrote graphviz output file to '/work/westgroup/lee.ting/cantera/schneider/No_Gas_Reactions/results/Pt111/temp/2021_6_20_1641_48b767_schneider_26rxn_nogasrxn/IdealGasReactor/energy_off/sensitivity_off/flux_diagrams/reaction_path_C_gas_beginning.png'.
Graph saved to: /work/westgroup/lee.ting/cantera/schneider/No_Gas_Reactions/results/Pt111/temp/2021_6_20_1641_48b767_schneider_26rxn_nogasrxn/IdealGasReactor/energy_off/sensitivity_off/flux_diagrams/reaction_path_H_gas_beginning-pretty.dot
Wrote graphviz input file to '/work/westgroup/lee.ting/cantera/schneider/No_Gas_Reactions/results/Pt111/temp/2021_6_20_1641_48b767_schneider_26rxn_nogasrxn/IdealGasReactor/energy_off/sensitivity_off/flux_diagrams/reaction_path_H_gas_beginning.dot'.
Wrote graphviz output file to '/work/westgroup/lee.ting/cantera/schneider/No_Gas_Reactions/results/Pt111/temp/2021_6_20_1641_48b767_schneider_26rxn_nogasrxn/IdealGasReactor/energy_off/sensitivity_off/flux_diagrams/reaction_path_H_gas_beginning.png'.
Graph saved to: /work/westgroup/lee.ting/cantera/schneider/No_Gas_Reactions/results/Pt111/temp/2021_6_20_1641_48b767_schneider_26rxn_nogasrxn/IdealGasReactor/energy_off/sensitivity_off/flux_diagrams/reaction_path_O_gas_beginning-pretty.dot
Wrote graphviz input file to '/work/westgroup/lee.ting/cantera/schneider/No_Gas_Reactions/results/Pt111/temp/2021_6_20_1641_48b767_schneider_26rxn_nogasrxn/IdealGasReactor/energy_off/sensitivity_off/flux_diagrams/reaction_path_O_gas_beginning.dot'.
Wrote graphviz output file to '/work/westgroup/lee.ting/cantera/schneider/No_Gas_Reactions/results/Pt111/temp/2021_6_20_1641_48b767_schneider_26rxn_nogasrxn/IdealGasReactor/energy_off/sensitivity_off/flux_diagrams/reaction_path_O_gas_beginning.png'.
Graph saved to: /work/westgroup/lee.ting/cantera/schneider/No_Gas_Reactions/results/Pt111/temp/2021_6_20_1641_48b767_schneider_26rxn_nogasrxn/IdealGasReactor/energy_off/sensitivity_off/flux_diagrams/reaction_path_N_gas_beginning-pretty.dot
Wrote graphviz input file to '/work/westgroup/lee.ting/cantera/schneider/No_Gas_Reactions/results/Pt111/temp/2021_6_20_1641_48b767_schneider_26rxn_nogasrxn/IdealGasReactor/energy_off/sensitivity_off/flux_diagrams/reaction_path_N_gas_beginning.dot'.
Wrote graphviz output file to '/work/westgroup/lee.ting/cantera/schneider/No_Gas_Reactions/results/Pt111/temp/2021_6_20_1641_48b767_schneider_26rxn_nogasrxn/IdealGasReactor/energy_off/sensitivity_off/flux_diagrams/reaction_path_N_gas_beginning.png'.
Graph saved to: /work/westgroup/lee.ting/cantera/schneider/No_Gas_Reactions/results/Pt111/temp/2021_6_20_1641_48b767_schneider_26rxn_nogasrxn/IdealGasReactor/energy_off/sensitivity_off/flux_diagrams/reaction_path_X_gas_beginning-pretty.dot
Wrote graphviz input file to '/work/westgroup/lee.ting/cantera/schneider/No_Gas_Reactions/results/Pt111/temp/2021_6_20_1641_48b767_schneider_26rxn_nogasrxn/IdealGasReactor/energy_off/sensitivity_off/flux_diagrams/reaction_path_X_gas_beginning.dot'.
Wrote graphviz output file to '/work/westgroup/lee.ting/cantera/schneider/No_Gas_Reactions/results/Pt111/temp/2021_6_20_1641_48b767_schneider_26rxn_nogasrxn/IdealGasReactor/energy_off/sensitivity_off/flux_diagrams/reaction_path_X_gas_beginning.png'.
Graph saved to: /work/westgroup/lee.ting/cantera/schneider/No_Gas_Reactions/results/Pt111/temp/2021_6_20_1641_48b767_schneider_26rxn_nogasrxn/IdealGasReactor/energy_off/sensitivity_off/flux_diagrams/reaction_path_C_surface1_beginning-pretty.dot
Wrote graphviz input file to '/work/westgroup/lee.ting/cantera/schneider/No_Gas_Reactions/results/Pt111/temp/2021_6_20_1641_48b767_schneider_26rxn_nogasrxn/IdealGasReactor/energy_off/sensitivity_off/flux_diagrams/reaction_path_C_surface1_beginning.dot'.
Wrote graphviz output file to '/work/westgroup/lee.ting/cantera/schneider/No_Gas_Reactions/results/Pt111/temp/2021_6_20_1641_48b767_schneider_26rxn_nogasrxn/IdealGasReactor/energy_off/sensitivity_off/flux_diagrams/reaction_path_C_surface1_beginning.png'.
Graph saved to: /work/westgroup/lee.ting/cantera/schneider/No_Gas_Reactions/results/Pt111/temp/2021_6_20_1641_48b767_schneider_26rxn_nogasrxn/IdealGasReactor/energy_off/sensitivity_off/flux_diagrams/reaction_path_H_surface1_beginning-pretty.dot
Wrote graphviz input file to '/work/westgroup/lee.ting/cantera/schneider/No_Gas_Reactions/results/Pt111/temp/2021_6_20_1641_48b767_schneider_26rxn_nogasrxn/IdealGasReactor/energy_off/sensitivity_off/flux_diagrams/reaction_path_H_surface1_beginning.dot'.
Wrote graphviz output file to '/work/westgroup/lee.ting/cantera/schneider/No_Gas_Reactions/results/Pt111/temp/2021_6_20_1641_48b767_schneider_26rxn_nogasrxn/IdealGasReactor/energy_off/sensitivity_off/flux_diagrams/reaction_path_H_surface1_beginning.png'.
Graph saved to: /work/westgroup/lee.ting/cantera/schneider/No_Gas_Reactions/results/Pt111/temp/2021_6_20_1641_48b767_schneider_26rxn_nogasrxn/IdealGasReactor/energy_off/sensitivity_off/flux_diagrams/reaction_path_O_surface1_beginning-pretty.dot
Wrote graphviz input file to '/work/westgroup/lee.ting/cantera/schneider/No_Gas_Reactions/results/Pt111/temp/2021_6_20_1641_48b767_schneider_26rxn_nogasrxn/IdealGasReactor/energy_off/sensitivity_off/flux_diagrams/reaction_path_O_surface1_beginning.dot'.
Wrote graphviz output file to '/work/westgroup/lee.ting/cantera/schneider/No_Gas_Reactions/results/Pt111/temp/2021_6_20_1641_48b767_schneider_26rxn_nogasrxn/IdealGasReactor/energy_off/sensitivity_off/flux_diagrams/reaction_path_O_surface1_beginning.png'.
Graph saved to: /work/westgroup/lee.ting/cantera/schneider/No_Gas_Reactions/results/Pt111/temp/2021_6_20_1641_48b767_schneider_26rxn_nogasrxn/IdealGasReactor/energy_off/sensitivity_off/flux_diagrams/reaction_path_N_surface1_beginning-pretty.dot
Wrote graphviz input file to '/work/westgroup/lee.ting/cantera/schneider/No_Gas_Reactions/results/Pt111/temp/2021_6_20_1641_48b767_schneider_26rxn_nogasrxn/IdealGasReactor/energy_off/sensitivity_off/flux_diagrams/reaction_path_N_surface1_beginning.dot'.
Wrote graphviz output file to '/work/westgroup/lee.ting/cantera/schneider/No_Gas_Reactions/results/Pt111/temp/2021_6_20_1641_48b767_schneider_26rxn_nogasrxn/IdealGasReactor/energy_off/sensitivity_off/flux_diagrams/reaction_path_N_surface1_beginning.png'.
Graph saved to: /work/westgroup/lee.ting/cantera/schneider/No_Gas_Reactions/results/Pt111/temp/2021_6_20_1641_48b767_schneider_26rxn_nogasrxn/IdealGasReactor/energy_off/sensitivity_off/flux_diagrams/reaction_path_X_surface1_beginning-pretty.dot
Wrote graphviz input file to '/work/westgroup/lee.ting/cantera/schneider/No_Gas_Reactions/results/Pt111/temp/2021_6_20_1641_48b767_schneider_26rxn_nogasrxn/IdealGasReactor/energy_off/sensitivity_off/flux_diagrams/reaction_path_X_surface1_beginning.dot'.
Wrote graphviz output file to '/work/westgroup/lee.ting/cantera/schneider/No_Gas_Reactions/results/Pt111/temp/2021_6_20_1641_48b767_schneider_26rxn_nogasrxn/IdealGasReactor/energy_off/sensitivity_off/flux_diagrams/reaction_path_X_surface1_beginning.png'.
Graph saved to: /work/westgroup/lee.ting/cantera/schneider/No_Gas_Reactions/results/Pt111/temp/2021_6_20_1641_48b767_schneider_26rxn_nogasrxn/IdealGasReactor/energy_off/sensitivity_off/flux_diagrams/reaction_path_C_gas_end-pretty.dot
Wrote graphviz input file to '/work/westgroup/lee.ting/cantera/schneider/No_Gas_Reactions/results/Pt111/temp/2021_6_20_1641_48b767_schneider_26rxn_nogasrxn/IdealGasReactor/energy_off/sensitivity_off/flux_diagrams/reaction_path_C_gas_end.dot'.
Wrote graphviz output file to '/work/westgroup/lee.ting/cantera/schneider/No_Gas_Reactions/results/Pt111/temp/2021_6_20_1641_48b767_schneider_26rxn_nogasrxn/IdealGasReactor/energy_off/sensitivity_off/flux_diagrams/reaction_path_C_gas_end.png'.
Graph saved to: /work/westgroup/lee.ting/cantera/schneider/No_Gas_Reactions/results/Pt111/temp/2021_6_20_1641_48b767_schneider_26rxn_nogasrxn/IdealGasReactor/energy_off/sensitivity_off/flux_diagrams/reaction_path_H_gas_end-pretty.dot
Wrote graphviz input file to '/work/westgroup/lee.ting/cantera/schneider/No_Gas_Reactions/results/Pt111/temp/2021_6_20_1641_48b767_schneider_26rxn_nogasrxn/IdealGasReactor/energy_off/sensitivity_off/flux_diagrams/reaction_path_H_gas_end.dot'.
Wrote graphviz output file to '/work/westgroup/lee.ting/cantera/schneider/No_Gas_Reactions/results/Pt111/temp/2021_6_20_1641_48b767_schneider_26rxn_nogasrxn/IdealGasReactor/energy_off/sensitivity_off/flux_diagrams/reaction_path_H_gas_end.png'.
Graph saved to: /work/westgroup/lee.ting/cantera/schneider/No_Gas_Reactions/results/Pt111/temp/2021_6_20_1641_48b767_schneider_26rxn_nogasrxn/IdealGasReactor/energy_off/sensitivity_off/flux_diagrams/reaction_path_O_gas_end-pretty.dot
Wrote graphviz input file to '/work/westgroup/lee.ting/cantera/schneider/No_Gas_Reactions/results/Pt111/temp/2021_6_20_1641_48b767_schneider_26rxn_nogasrxn/IdealGasReactor/energy_off/sensitivity_off/flux_diagrams/reaction_path_O_gas_end.dot'.
Wrote graphviz output file to '/work/westgroup/lee.ting/cantera/schneider/No_Gas_Reactions/results/Pt111/temp/2021_6_20_1641_48b767_schneider_26rxn_nogasrxn/IdealGasReactor/energy_off/sensitivity_off/flux_diagrams/reaction_path_O_gas_end.png'.
Graph saved to: /work/westgroup/lee.ting/cantera/schneider/No_Gas_Reactions/results/Pt111/temp/2021_6_20_1641_48b767_schneider_26rxn_nogasrxn/IdealGasReactor/energy_off/sensitivity_off/flux_diagrams/reaction_path_N_gas_end-pretty.dot
Wrote graphviz input file to '/work/westgroup/lee.ting/cantera/schneider/No_Gas_Reactions/results/Pt111/temp/2021_6_20_1641_48b767_schneider_26rxn_nogasrxn/IdealGasReactor/energy_off/sensitivity_off/flux_diagrams/reaction_path_N_gas_end.dot'.
Wrote graphviz output file to '/work/westgroup/lee.ting/cantera/schneider/No_Gas_Reactions/results/Pt111/temp/2021_6_20_1641_48b767_schneider_26rxn_nogasrxn/IdealGasReactor/energy_off/sensitivity_off/flux_diagrams/reaction_path_N_gas_end.png'.
Graph saved to: /work/westgroup/lee.ting/cantera/schneider/No_Gas_Reactions/results/Pt111/temp/2021_6_20_1641_48b767_schneider_26rxn_nogasrxn/IdealGasReactor/energy_off/sensitivity_off/flux_diagrams/reaction_path_X_gas_end-pretty.dot
Wrote graphviz input file to '/work/westgroup/lee.ting/cantera/schneider/No_Gas_Reactions/results/Pt111/temp/2021_6_20_1641_48b767_schneider_26rxn_nogasrxn/IdealGasReactor/energy_off/sensitivity_off/flux_diagrams/reaction_path_X_gas_end.dot'.
Wrote graphviz output file to '/work/westgroup/lee.ting/cantera/schneider/No_Gas_Reactions/results/Pt111/temp/2021_6_20_1641_48b767_schneider_26rxn_nogasrxn/IdealGasReactor/energy_off/sensitivity_off/flux_diagrams/reaction_path_X_gas_end.png'.
Graph saved to: /work/westgroup/lee.ting/cantera/schneider/No_Gas_Reactions/results/Pt111/temp/2021_6_20_1641_48b767_schneider_26rxn_nogasrxn/IdealGasReactor/energy_off/sensitivity_off/flux_diagrams/reaction_path_C_surface1_end-pretty.dot
Wrote graphviz input file to '/work/westgroup/lee.ting/cantera/schneider/No_Gas_Reactions/results/Pt111/temp/2021_6_20_1641_48b767_schneider_26rxn_nogasrxn/IdealGasReactor/energy_off/sensitivity_off/flux_diagrams/reaction_path_C_surface1_end.dot'.
Wrote graphviz output file to '/work/westgroup/lee.ting/cantera/schneider/No_Gas_Reactions/results/Pt111/temp/2021_6_20_1641_48b767_schneider_26rxn_nogasrxn/IdealGasReactor/energy_off/sensitivity_off/flux_diagrams/reaction_path_C_surface1_end.png'.
Graph saved to: /work/westgroup/lee.ting/cantera/schneider/No_Gas_Reactions/results/Pt111/temp/2021_6_20_1641_48b767_schneider_26rxn_nogasrxn/IdealGasReactor/energy_off/sensitivity_off/flux_diagrams/reaction_path_H_surface1_end-pretty.dot
Wrote graphviz input file to '/work/westgroup/lee.ting/cantera/schneider/No_Gas_Reactions/results/Pt111/temp/2021_6_20_1641_48b767_schneider_26rxn_nogasrxn/IdealGasReactor/energy_off/sensitivity_off/flux_diagrams/reaction_path_H_surface1_end.dot'.
Wrote graphviz output file to '/work/westgroup/lee.ting/cantera/schneider/No_Gas_Reactions/results/Pt111/temp/2021_6_20_1641_48b767_schneider_26rxn_nogasrxn/IdealGasReactor/energy_off/sensitivity_off/flux_diagrams/reaction_path_H_surface1_end.png'.
Graph saved to: /work/westgroup/lee.ting/cantera/schneider/No_Gas_Reactions/results/Pt111/temp/2021_6_20_1641_48b767_schneider_26rxn_nogasrxn/IdealGasReactor/energy_off/sensitivity_off/flux_diagrams/reaction_path_O_surface1_end-pretty.dot
Wrote graphviz input file to '/work/westgroup/lee.ting/cantera/schneider/No_Gas_Reactions/results/Pt111/temp/2021_6_20_1641_48b767_schneider_26rxn_nogasrxn/IdealGasReactor/energy_off/sensitivity_off/flux_diagrams/reaction_path_O_surface1_end.dot'.
Wrote graphviz output file to '/work/westgroup/lee.ting/cantera/schneider/No_Gas_Reactions/results/Pt111/temp/2021_6_20_1641_48b767_schneider_26rxn_nogasrxn/IdealGasReactor/energy_off/sensitivity_off/flux_diagrams/reaction_path_O_surface1_end.png'.
Graph saved to: /work/westgroup/lee.ting/cantera/schneider/No_Gas_Reactions/results/Pt111/temp/2021_6_20_1641_48b767_schneider_26rxn_nogasrxn/IdealGasReactor/energy_off/sensitivity_off/flux_diagrams/reaction_path_N_surface1_end-pretty.dot
Wrote graphviz input file to '/work/westgroup/lee.ting/cantera/schneider/No_Gas_Reactions/results/Pt111/temp/2021_6_20_1641_48b767_schneider_26rxn_nogasrxn/IdealGasReactor/energy_off/sensitivity_off/flux_diagrams/reaction_path_N_surface1_end.dot'.
Wrote graphviz output file to '/work/westgroup/lee.ting/cantera/schneider/No_Gas_Reactions/results/Pt111/temp/2021_6_20_1641_48b767_schneider_26rxn_nogasrxn/IdealGasReactor/energy_off/sensitivity_off/flux_diagrams/reaction_path_N_surface1_end.png'.
Graph saved to: /work/westgroup/lee.ting/cantera/schneider/No_Gas_Reactions/results/Pt111/temp/2021_6_20_1641_48b767_schneider_26rxn_nogasrxn/IdealGasReactor/energy_off/sensitivity_off/flux_diagrams/reaction_path_X_surface1_end-pretty.dot
Wrote graphviz input file to '/work/westgroup/lee.ting/cantera/schneider/No_Gas_Reactions/results/Pt111/temp/2021_6_20_1641_48b767_schneider_26rxn_nogasrxn/IdealGasReactor/energy_off/sensitivity_off/flux_diagrams/reaction_path_X_surface1_end.dot'.
Wrote graphviz output file to '/work/westgroup/lee.ting/cantera/schneider/No_Gas_Reactions/results/Pt111/temp/2021_6_20_1641_48b767_schneider_26rxn_nogasrxn/IdealGasReactor/energy_off/sensitivity_off/flux_diagrams/reaction_path_X_surface1_end.png'.
