Graph saved to: /work/westgroup/lee.ting/cantera/schneider/No_Gas_Reactions/results/PFR/2021_6_16_232_27a89a_13_reactions/IdealGasReactor/energy_off/sensitivity_off/flux_diagrams/0/0/reaction_path_C_gas_beginning-pretty.dot
Wrote graphviz input file to '/work/westgroup/lee.ting/cantera/schneider/No_Gas_Reactions/results/PFR/2021_6_16_232_27a89a_13_reactions/IdealGasReactor/energy_off/sensitivity_off/flux_diagrams/0/0/reaction_path_C_gas_beginning.dot'.
Wrote graphviz output file to '/work/westgroup/lee.ting/cantera/schneider/No_Gas_Reactions/results/PFR/2021_6_16_232_27a89a_13_reactions/IdealGasReactor/energy_off/sensitivity_off/flux_diagrams/0/0/reaction_path_C_gas_beginning.png'.
Graph saved to: /work/westgroup/lee.ting/cantera/schneider/No_Gas_Reactions/results/PFR/2021_6_16_232_27a89a_13_reactions/IdealGasReactor/energy_off/sensitivity_off/flux_diagrams/0/0/reaction_path_H_gas_beginning-pretty.dot
Wrote graphviz input file to '/work/westgroup/lee.ting/cantera/schneider/No_Gas_Reactions/results/PFR/2021_6_16_232_27a89a_13_reactions/IdealGasReactor/energy_off/sensitivity_off/flux_diagrams/0/0/reaction_path_H_gas_beginning.dot'.
Wrote graphviz output file to '/work/westgroup/lee.ting/cantera/schneider/No_Gas_Reactions/results/PFR/2021_6_16_232_27a89a_13_reactions/IdealGasReactor/energy_off/sensitivity_off/flux_diagrams/0/0/reaction_path_H_gas_beginning.png'.
Graph saved to: /work/westgroup/lee.ting/cantera/schneider/No_Gas_Reactions/results/PFR/2021_6_16_232_27a89a_13_reactions/IdealGasReactor/energy_off/sensitivity_off/flux_diagrams/0/0/reaction_path_O_gas_beginning-pretty.dot
Wrote graphviz input file to '/work/westgroup/lee.ting/cantera/schneider/No_Gas_Reactions/results/PFR/2021_6_16_232_27a89a_13_reactions/IdealGasReactor/energy_off/sensitivity_off/flux_diagrams/0/0/reaction_path_O_gas_beginning.dot'.
Wrote graphviz output file to '/work/westgroup/lee.ting/cantera/schneider/No_Gas_Reactions/results/PFR/2021_6_16_232_27a89a_13_reactions/IdealGasReactor/energy_off/sensitivity_off/flux_diagrams/0/0/reaction_path_O_gas_beginning.png'.
Graph saved to: /work/westgroup/lee.ting/cantera/schneider/No_Gas_Reactions/results/PFR/2021_6_16_232_27a89a_13_reactions/IdealGasReactor/energy_off/sensitivity_off/flux_diagrams/0/0/reaction_path_N_gas_beginning-pretty.dot
Wrote graphviz input file to '/work/westgroup/lee.ting/cantera/schneider/No_Gas_Reactions/results/PFR/2021_6_16_232_27a89a_13_reactions/IdealGasReactor/energy_off/sensitivity_off/flux_diagrams/0/0/reaction_path_N_gas_beginning.dot'.
Wrote graphviz output file to '/work/westgroup/lee.ting/cantera/schneider/No_Gas_Reactions/results/PFR/2021_6_16_232_27a89a_13_reactions/IdealGasReactor/energy_off/sensitivity_off/flux_diagrams/0/0/reaction_path_N_gas_beginning.png'.
Graph saved to: /work/westgroup/lee.ting/cantera/schneider/No_Gas_Reactions/results/PFR/2021_6_16_232_27a89a_13_reactions/IdealGasReactor/energy_off/sensitivity_off/flux_diagrams/0/0/reaction_path_C_surface1_beginning-pretty.dot
Wrote graphviz input file to '/work/westgroup/lee.ting/cantera/schneider/No_Gas_Reactions/results/PFR/2021_6_16_232_27a89a_13_reactions/IdealGasReactor/energy_off/sensitivity_off/flux_diagrams/0/0/reaction_path_C_surface1_beginning.dot'.
Wrote graphviz output file to '/work/westgroup/lee.ting/cantera/schneider/No_Gas_Reactions/results/PFR/2021_6_16_232_27a89a_13_reactions/IdealGasReactor/energy_off/sensitivity_off/flux_diagrams/0/0/reaction_path_C_surface1_beginning.png'.
Graph saved to: /work/westgroup/lee.ting/cantera/schneider/No_Gas_Reactions/results/PFR/2021_6_16_232_27a89a_13_reactions/IdealGasReactor/energy_off/sensitivity_off/flux_diagrams/0/0/reaction_path_H_surface1_beginning-pretty.dot
Wrote graphviz input file to '/work/westgroup/lee.ting/cantera/schneider/No_Gas_Reactions/results/PFR/2021_6_16_232_27a89a_13_reactions/IdealGasReactor/energy_off/sensitivity_off/flux_diagrams/0/0/reaction_path_H_surface1_beginning.dot'.
Wrote graphviz output file to '/work/westgroup/lee.ting/cantera/schneider/No_Gas_Reactions/results/PFR/2021_6_16_232_27a89a_13_reactions/IdealGasReactor/energy_off/sensitivity_off/flux_diagrams/0/0/reaction_path_H_surface1_beginning.png'.
Graph saved to: /work/westgroup/lee.ting/cantera/schneider/No_Gas_Reactions/results/PFR/2021_6_16_232_27a89a_13_reactions/IdealGasReactor/energy_off/sensitivity_off/flux_diagrams/0/0/reaction_path_O_surface1_beginning-pretty.dot
Wrote graphviz input file to '/work/westgroup/lee.ting/cantera/schneider/No_Gas_Reactions/results/PFR/2021_6_16_232_27a89a_13_reactions/IdealGasReactor/energy_off/sensitivity_off/flux_diagrams/0/0/reaction_path_O_surface1_beginning.dot'.
Wrote graphviz output file to '/work/westgroup/lee.ting/cantera/schneider/No_Gas_Reactions/results/PFR/2021_6_16_232_27a89a_13_reactions/IdealGasReactor/energy_off/sensitivity_off/flux_diagrams/0/0/reaction_path_O_surface1_beginning.png'.
Graph saved to: /work/westgroup/lee.ting/cantera/schneider/No_Gas_Reactions/results/PFR/2021_6_16_232_27a89a_13_reactions/IdealGasReactor/energy_off/sensitivity_off/flux_diagrams/0/0/reaction_path_N_surface1_beginning-pretty.dot
Wrote graphviz input file to '/work/westgroup/lee.ting/cantera/schneider/No_Gas_Reactions/results/PFR/2021_6_16_232_27a89a_13_reactions/IdealGasReactor/energy_off/sensitivity_off/flux_diagrams/0/0/reaction_path_N_surface1_beginning.dot'.
Wrote graphviz output file to '/work/westgroup/lee.ting/cantera/schneider/No_Gas_Reactions/results/PFR/2021_6_16_232_27a89a_13_reactions/IdealGasReactor/energy_off/sensitivity_off/flux_diagrams/0/0/reaction_path_N_surface1_beginning.png'.
Graph saved to: /work/westgroup/lee.ting/cantera/schneider/No_Gas_Reactions/results/PFR/2021_6_16_232_27a89a_13_reactions/IdealGasReactor/energy_off/sensitivity_off/flux_diagrams/0/0/reaction_path_C_gas_end-pretty.dot
Wrote graphviz input file to '/work/westgroup/lee.ting/cantera/schneider/No_Gas_Reactions/results/PFR/2021_6_16_232_27a89a_13_reactions/IdealGasReactor/energy_off/sensitivity_off/flux_diagrams/0/0/reaction_path_C_gas_end.dot'.
Wrote graphviz output file to '/work/westgroup/lee.ting/cantera/schneider/No_Gas_Reactions/results/PFR/2021_6_16_232_27a89a_13_reactions/IdealGasReactor/energy_off/sensitivity_off/flux_diagrams/0/0/reaction_path_C_gas_end.png'.
Graph saved to: /work/westgroup/lee.ting/cantera/schneider/No_Gas_Reactions/results/PFR/2021_6_16_232_27a89a_13_reactions/IdealGasReactor/energy_off/sensitivity_off/flux_diagrams/0/0/reaction_path_H_gas_end-pretty.dot
Wrote graphviz input file to '/work/westgroup/lee.ting/cantera/schneider/No_Gas_Reactions/results/PFR/2021_6_16_232_27a89a_13_reactions/IdealGasReactor/energy_off/sensitivity_off/flux_diagrams/0/0/reaction_path_H_gas_end.dot'.
Wrote graphviz output file to '/work/westgroup/lee.ting/cantera/schneider/No_Gas_Reactions/results/PFR/2021_6_16_232_27a89a_13_reactions/IdealGasReactor/energy_off/sensitivity_off/flux_diagrams/0/0/reaction_path_H_gas_end.png'.
Graph saved to: /work/westgroup/lee.ting/cantera/schneider/No_Gas_Reactions/results/PFR/2021_6_16_232_27a89a_13_reactions/IdealGasReactor/energy_off/sensitivity_off/flux_diagrams/0/0/reaction_path_O_gas_end-pretty.dot
Wrote graphviz input file to '/work/westgroup/lee.ting/cantera/schneider/No_Gas_Reactions/results/PFR/2021_6_16_232_27a89a_13_reactions/IdealGasReactor/energy_off/sensitivity_off/flux_diagrams/0/0/reaction_path_O_gas_end.dot'.
Wrote graphviz output file to '/work/westgroup/lee.ting/cantera/schneider/No_Gas_Reactions/results/PFR/2021_6_16_232_27a89a_13_reactions/IdealGasReactor/energy_off/sensitivity_off/flux_diagrams/0/0/reaction_path_O_gas_end.png'.
Graph saved to: /work/westgroup/lee.ting/cantera/schneider/No_Gas_Reactions/results/PFR/2021_6_16_232_27a89a_13_reactions/IdealGasReactor/energy_off/sensitivity_off/flux_diagrams/0/0/reaction_path_N_gas_end-pretty.dot
Wrote graphviz input file to '/work/westgroup/lee.ting/cantera/schneider/No_Gas_Reactions/results/PFR/2021_6_16_232_27a89a_13_reactions/IdealGasReactor/energy_off/sensitivity_off/flux_diagrams/0/0/reaction_path_N_gas_end.dot'.
Wrote graphviz output file to '/work/westgroup/lee.ting/cantera/schneider/No_Gas_Reactions/results/PFR/2021_6_16_232_27a89a_13_reactions/IdealGasReactor/energy_off/sensitivity_off/flux_diagrams/0/0/reaction_path_N_gas_end.png'.
Graph saved to: /work/westgroup/lee.ting/cantera/schneider/No_Gas_Reactions/results/PFR/2021_6_16_232_27a89a_13_reactions/IdealGasReactor/energy_off/sensitivity_off/flux_diagrams/0/0/reaction_path_C_surface1_end-pretty.dot
Wrote graphviz input file to '/work/westgroup/lee.ting/cantera/schneider/No_Gas_Reactions/results/PFR/2021_6_16_232_27a89a_13_reactions/IdealGasReactor/energy_off/sensitivity_off/flux_diagrams/0/0/reaction_path_C_surface1_end.dot'.
Wrote graphviz output file to '/work/westgroup/lee.ting/cantera/schneider/No_Gas_Reactions/results/PFR/2021_6_16_232_27a89a_13_reactions/IdealGasReactor/energy_off/sensitivity_off/flux_diagrams/0/0/reaction_path_C_surface1_end.png'.
Graph saved to: /work/westgroup/lee.ting/cantera/schneider/No_Gas_Reactions/results/PFR/2021_6_16_232_27a89a_13_reactions/IdealGasReactor/energy_off/sensitivity_off/flux_diagrams/0/0/reaction_path_H_surface1_end-pretty.dot
Wrote graphviz input file to '/work/westgroup/lee.ting/cantera/schneider/No_Gas_Reactions/results/PFR/2021_6_16_232_27a89a_13_reactions/IdealGasReactor/energy_off/sensitivity_off/flux_diagrams/0/0/reaction_path_H_surface1_end.dot'.
Wrote graphviz output file to '/work/westgroup/lee.ting/cantera/schneider/No_Gas_Reactions/results/PFR/2021_6_16_232_27a89a_13_reactions/IdealGasReactor/energy_off/sensitivity_off/flux_diagrams/0/0/reaction_path_H_surface1_end.png'.
Graph saved to: /work/westgroup/lee.ting/cantera/schneider/No_Gas_Reactions/results/PFR/2021_6_16_232_27a89a_13_reactions/IdealGasReactor/energy_off/sensitivity_off/flux_diagrams/0/0/reaction_path_O_surface1_end-pretty.dot
Wrote graphviz input file to '/work/westgroup/lee.ting/cantera/schneider/No_Gas_Reactions/results/PFR/2021_6_16_232_27a89a_13_reactions/IdealGasReactor/energy_off/sensitivity_off/flux_diagrams/0/0/reaction_path_O_surface1_end.dot'.
Wrote graphviz output file to '/work/westgroup/lee.ting/cantera/schneider/No_Gas_Reactions/results/PFR/2021_6_16_232_27a89a_13_reactions/IdealGasReactor/energy_off/sensitivity_off/flux_diagrams/0/0/reaction_path_O_surface1_end.png'.
Graph saved to: /work/westgroup/lee.ting/cantera/schneider/No_Gas_Reactions/results/PFR/2021_6_16_232_27a89a_13_reactions/IdealGasReactor/energy_off/sensitivity_off/flux_diagrams/0/0/reaction_path_N_surface1_end-pretty.dot
Wrote graphviz input file to '/work/westgroup/lee.ting/cantera/schneider/No_Gas_Reactions/results/PFR/2021_6_16_232_27a89a_13_reactions/IdealGasReactor/energy_off/sensitivity_off/flux_diagrams/0/0/reaction_path_N_surface1_end.dot'.
Wrote graphviz output file to '/work/westgroup/lee.ting/cantera/schneider/No_Gas_Reactions/results/PFR/2021_6_16_232_27a89a_13_reactions/IdealGasReactor/energy_off/sensitivity_off/flux_diagrams/0/0/reaction_path_N_surface1_end.png'.
